{"C:\\Users\\diniz\\Desktop\\node-clean-api\\clean-node-api\\src\\data\\usecases\\account\\add-account\\db-add-account-protocols.ts": {"path":"C:\\Users\\diniz\\Desktop\\node-clean-api\\clean-node-api\\src\\data\\usecases\\account\\add-account\\db-add-account-protocols.ts","statementMap":{"0":{"start":{"line":1,"column":0},"end":{"line":1,"column":53}},"1":{"start":{"line":2,"column":0},"end":{"line":2,"column":39}},"2":{"start":{"line":3,"column":0},"end":{"line":3,"column":52}},"3":{"start":{"line":4,"column":0},"end":{"line":4,"column":66}},"4":{"start":{"line":5,"column":0},"end":{"line":5,"column":76}}},"fnMap":{},"branchMap":{},"s":{"0":0,"1":0,"2":0,"3":0,"4":0},"f":{},"b":{}}
,"C:\\Users\\diniz\\Desktop\\node-clean-api\\clean-node-api\\src\\data\\usecases\\account\\add-account\\db-add-account.ts": {"path":"C:\\Users\\diniz\\Desktop\\node-clean-api\\clean-node-api\\src\\data\\usecases\\account\\add-account\\db-add-account.ts","statementMap":{"0":{"start":{"line":6,"column":21},"end":{"line":6,"column":35}},"1":{"start":{"line":7,"column":21},"end":{"line":7,"column":63}},"2":{"start":{"line":8,"column":21},"end":{"line":8,"column":79}},"3":{"start":{"line":12,"column":20},"end":{"line":12,"column":90}},"4":{"start":{"line":13,"column":27},"end":{"line":13,"column":71}},"5":{"start":{"line":14,"column":4},"end":{"line":18,"column":null}},"6":{"start":{"line":16,"column":25},"end":{"line":16,"column":122}},"7":{"start":{"line":17,"column":6},"end":{"line":17,"column":null}},"8":{"start":{"line":19,"column":4},"end":{"line":19,"column":null}},"9":{"start":{"line":3,"column":0},"end":{"line":3,"column":13}}},"fnMap":{"0":{"name":"(anonymous_0)","decl":{"start":{"line":5,"column":2},"end":{"line":5,"column":null}},"loc":{"start":{"line":8,"column":79},"end":{"line":9,"column":6}}},"1":{"name":"(anonymous_1)","decl":{"start":{"line":11,"column":2},"end":{"line":11,"column":7}},"loc":{"start":{"line":11,"column":42},"end":{"line":20,"column":3}}}},"branchMap":{"0":{"loc":{"start":{"line":14,"column":4},"end":{"line":18,"column":null}},"type":"if","locations":[{"start":{"line":14,"column":4},"end":{"line":18,"column":null}},{"start":{"line":14,"column":4},"end":{"line":18,"column":null}}]}},"s":{"0":6,"1":6,"2":6,"3":1,"4":1,"5":1,"6":1,"7":1,"8":0,"9":6},"f":{"0":6,"1":1},"b":{"0":[1,0]}}
,"C:\\Users\\diniz\\Desktop\\node-clean-api\\clean-node-api\\src\\data\\usecases\\account\\authentication\\db-authentication-protocols.ts": {"path":"C:\\Users\\diniz\\Desktop\\node-clean-api\\clean-node-api\\src\\data\\usecases\\account\\authentication\\db-authentication-protocols.ts","statementMap":{"0":{"start":{"line":1,"column":0},"end":{"line":1,"column":39}},"1":{"start":{"line":2,"column":0},"end":{"line":2,"column":56}},"2":{"start":{"line":3,"column":0},"end":{"line":3,"column":76}},"3":{"start":{"line":4,"column":0},"end":{"line":4,"column":74}},"4":{"start":{"line":5,"column":0},"end":{"line":5,"column":59}},"5":{"start":{"line":6,"column":0},"end":{"line":6,"column":55}}},"fnMap":{},"branchMap":{},"s":{"0":0,"1":0,"2":0,"3":0,"4":0,"5":0},"f":{},"b":{}}
,"C:\\Users\\diniz\\Desktop\\node-clean-api\\clean-node-api\\src\\data\\usecases\\account\\authentication\\db-authentication.ts": {"path":"C:\\Users\\diniz\\Desktop\\node-clean-api\\clean-node-api\\src\\data\\usecases\\account\\authentication\\db-authentication.ts","statementMap":{"0":{"start":{"line":17,"column":4},"end":{"line":17,"column":null}},"1":{"start":{"line":18,"column":4},"end":{"line":18,"column":null}},"2":{"start":{"line":19,"column":4},"end":{"line":19,"column":null}},"3":{"start":{"line":20,"column":4},"end":{"line":20,"column":null}},"4":{"start":{"line":24,"column":20},"end":{"line":24,"column":93}},"5":{"start":{"line":25,"column":4},"end":{"line":32,"column":null}},"6":{"start":{"line":26,"column":22},"end":{"line":26,"column":96}},"7":{"start":{"line":27,"column":6},"end":{"line":31,"column":null}},"8":{"start":{"line":28,"column":28},"end":{"line":28,"column":68}},"9":{"start":{"line":29,"column":8},"end":{"line":29,"column":null}},"10":{"start":{"line":30,"column":8},"end":{"line":30,"column":null}},"11":{"start":{"line":33,"column":4},"end":{"line":33,"column":null}},"12":{"start":{"line":10,"column":0},"end":{"line":10,"column":13}}},"fnMap":{"0":{"name":"(anonymous_0)","decl":{"start":{"line":16,"column":2},"end":{"line":16,"column":15}},"loc":{"start":{"line":16,"column":181},"end":{"line":21,"column":3}}},"1":{"name":"(anonymous_1)","decl":{"start":{"line":23,"column":2},"end":{"line":23,"column":7}},"loc":{"start":{"line":23,"column":50},"end":{"line":34,"column":3}}}},"branchMap":{"0":{"loc":{"start":{"line":25,"column":4},"end":{"line":32,"column":null}},"type":"if","locations":[{"start":{"line":25,"column":4},"end":{"line":32,"column":null}},{"start":{"line":25,"column":4},"end":{"line":32,"column":null}}]},"1":{"loc":{"start":{"line":27,"column":6},"end":{"line":31,"column":null}},"type":"if","locations":[{"start":{"line":27,"column":6},"end":{"line":31,"column":null}},{"start":{"line":27,"column":6},"end":{"line":31,"column":null}}]}},"s":{"0":12,"1":12,"2":12,"3":12,"4":3,"5":3,"6":2,"7":2,"8":2,"9":2,"10":2,"11":1,"12":6},"f":{"0":12,"1":3},"b":{"0":[2,1],"1":[2,0]}}
,"C:\\Users\\diniz\\Desktop\\node-clean-api\\clean-node-api\\src\\data\\usecases\\account\\load-account-by-token\\db-load-account-by-token-protocols.ts": {"path":"C:\\Users\\diniz\\Desktop\\node-clean-api\\clean-node-api\\src\\data\\usecases\\account\\load-account-by-token\\db-load-account-by-token-protocols.ts","statementMap":{"0":{"start":{"line":1,"column":0},"end":{"line":1,"column":39}},"1":{"start":{"line":2,"column":0},"end":{"line":2,"column":63}},"2":{"start":{"line":3,"column":0},"end":{"line":3,"column":55}},"3":{"start":{"line":4,"column":0},"end":{"line":4,"column":76}}},"fnMap":{},"branchMap":{},"s":{"0":0,"1":0,"2":0,"3":0},"f":{},"b":{}}
,"C:\\Users\\diniz\\Desktop\\node-clean-api\\clean-node-api\\src\\data\\usecases\\account\\load-account-by-token\\db-load-account-by-token.ts": {"path":"C:\\Users\\diniz\\Desktop\\node-clean-api\\clean-node-api\\src\\data\\usecases\\account\\load-account-by-token\\db-load-account-by-token.ts","statementMap":{"0":{"start":{"line":5,"column":21},"end":{"line":5,"column":41}},"1":{"start":{"line":6,"column":21},"end":{"line":6,"column":79}},"2":{"start":{"line":10,"column":18},"end":{"line":10,"column":59}},"3":{"start":{"line":11,"column":4},"end":{"line":16,"column":null}},"4":{"start":{"line":12,"column":22},"end":{"line":12,"column":92}},"5":{"start":{"line":13,"column":6},"end":{"line":15,"column":null}},"6":{"start":{"line":14,"column":8},"end":{"line":14,"column":null}},"7":{"start":{"line":17,"column":4},"end":{"line":17,"column":null}},"8":{"start":{"line":3,"column":0},"end":{"line":3,"column":13}}},"fnMap":{"0":{"name":"(anonymous_0)","decl":{"start":{"line":4,"column":2},"end":{"line":4,"column":null}},"loc":{"start":{"line":6,"column":79},"end":{"line":7,"column":6}}},"1":{"name":"(anonymous_1)","decl":{"start":{"line":9,"column":2},"end":{"line":9,"column":7}},"loc":{"start":{"line":9,"column":48},"end":{"line":18,"column":3}}}},"branchMap":{"0":{"loc":{"start":{"line":11,"column":4},"end":{"line":16,"column":null}},"type":"if","locations":[{"start":{"line":11,"column":4},"end":{"line":16,"column":null}},{"start":{"line":11,"column":4},"end":{"line":16,"column":null}}]},"1":{"loc":{"start":{"line":13,"column":6},"end":{"line":15,"column":null}},"type":"if","locations":[{"start":{"line":13,"column":6},"end":{"line":15,"column":null}},{"start":{"line":13,"column":6},"end":{"line":15,"column":null}}]}},"s":{"0":0,"1":0,"2":0,"3":0,"4":0,"5":0,"6":0,"7":0,"8":0},"f":{"0":0,"1":0},"b":{"0":[0,0],"1":[0,0]}}
,"C:\\Users\\diniz\\Desktop\\node-clean-api\\clean-node-api\\src\\data\\usecases\\survey-result\\save-survey-result\\db-save-survey-result-protocols.ts": {"path":"C:\\Users\\diniz\\Desktop\\node-clean-api\\clean-node-api\\src\\data\\usecases\\survey-result\\save-survey-result\\db-save-survey-result-protocols.ts","statementMap":{"0":{"start":{"line":1,"column":0},"end":{"line":1,"column":79}},"1":{"start":{"line":2,"column":0},"end":{"line":2,"column":45}},"2":{"start":{"line":3,"column":0},"end":{"line":3,"column":66}}},"fnMap":{},"branchMap":{},"s":{"0":0,"1":0,"2":0},"f":{},"b":{}}
,"C:\\Users\\diniz\\Desktop\\node-clean-api\\clean-node-api\\src\\data\\usecases\\survey-result\\save-survey-result\\db-save-survey-result.ts": {"path":"C:\\Users\\diniz\\Desktop\\node-clean-api\\clean-node-api\\src\\data\\usecases\\survey-result\\save-survey-result\\db-save-survey-result.ts","statementMap":{"0":{"start":{"line":4,"column":32},"end":{"line":4,"column":86}},"1":{"start":{"line":7,"column":19},"end":{"line":7,"column":67}},"2":{"start":{"line":8,"column":4},"end":{"line":8,"column":null}},"3":{"start":{"line":3,"column":0},"end":{"line":3,"column":13}}},"fnMap":{"0":{"name":"(anonymous_0)","decl":{"start":{"line":4,"column":2},"end":{"line":4,"column":32}},"loc":{"start":{"line":4,"column":86},"end":{"line":4,"column":90}}},"1":{"name":"(anonymous_1)","decl":{"start":{"line":6,"column":2},"end":{"line":6,"column":7}},"loc":{"start":{"line":6,"column":42},"end":{"line":9,"column":3}}}},"branchMap":{},"s":{"0":0,"1":0,"2":0,"3":0},"f":{"0":0,"1":0},"b":{}}
,"C:\\Users\\diniz\\Desktop\\node-clean-api\\clean-node-api\\src\\data\\usecases\\survey\\add-survey\\db-add-survey-protocols.ts": {"path":"C:\\Users\\diniz\\Desktop\\node-clean-api\\clean-node-api\\src\\data\\usecases\\survey\\add-survey\\db-add-survey-protocols.ts","statementMap":{"0":{"start":{"line":1,"column":0},"end":{"line":1,"column":51}},"1":{"start":{"line":2,"column":0},"end":{"line":2,"column":64}}},"fnMap":{},"branchMap":{},"s":{"0":0,"1":0},"f":{},"b":{}}
,"C:\\Users\\diniz\\Desktop\\node-clean-api\\clean-node-api\\src\\data\\usecases\\survey\\add-survey\\db-add-survey.ts": {"path":"C:\\Users\\diniz\\Desktop\\node-clean-api\\clean-node-api\\src\\data\\usecases\\survey\\add-survey\\db-add-survey.ts","statementMap":{"0":{"start":{"line":4,"column":32},"end":{"line":4,"column":72}},"1":{"start":{"line":6,"column":4},"end":{"line":6,"column":null}},"2":{"start":{"line":3,"column":0},"end":{"line":3,"column":13}}},"fnMap":{"0":{"name":"(anonymous_0)","decl":{"start":{"line":4,"column":2},"end":{"line":4,"column":32}},"loc":{"start":{"line":4,"column":72},"end":{"line":4,"column":76}}},"1":{"name":"(anonymous_1)","decl":{"start":{"line":5,"column":2},"end":{"line":5,"column":7}},"loc":{"start":{"line":5,"column":34},"end":{"line":7,"column":3}}}},"branchMap":{},"s":{"0":0,"1":0,"2":6},"f":{"0":0,"1":0},"b":{}}
,"C:\\Users\\diniz\\Desktop\\node-clean-api\\clean-node-api\\src\\data\\usecases\\survey\\load-survey-by-id\\db-load-survey-by-id-protocols.ts": {"path":"C:\\Users\\diniz\\Desktop\\node-clean-api\\clean-node-api\\src\\data\\usecases\\survey\\load-survey-by-id\\db-load-survey-by-id-protocols.ts","statementMap":{"0":{"start":{"line":1,"column":0},"end":{"line":1,"column":71}},"1":{"start":{"line":2,"column":0},"end":{"line":2,"column":39}},"2":{"start":{"line":3,"column":0},"end":{"line":3,"column":58}}},"fnMap":{},"branchMap":{},"s":{"0":0,"1":0,"2":0},"f":{},"b":{}}
,"C:\\Users\\diniz\\Desktop\\node-clean-api\\clean-node-api\\src\\data\\usecases\\survey\\load-survey-by-id\\db-load-survey-by-id.ts": {"path":"C:\\Users\\diniz\\Desktop\\node-clean-api\\clean-node-api\\src\\data\\usecases\\survey\\load-survey-by-id\\db-load-survey-by-id.ts","statementMap":{"0":{"start":{"line":4,"column":32},"end":{"line":4,"column":82}},"1":{"start":{"line":7,"column":19},"end":{"line":7,"column":67}},"2":{"start":{"line":8,"column":4},"end":{"line":8,"column":null}},"3":{"start":{"line":3,"column":0},"end":{"line":3,"column":13}}},"fnMap":{"0":{"name":"(anonymous_0)","decl":{"start":{"line":4,"column":2},"end":{"line":4,"column":32}},"loc":{"start":{"line":4,"column":82},"end":{"line":4,"column":86}}},"1":{"name":"(anonymous_1)","decl":{"start":{"line":6,"column":2},"end":{"line":6,"column":7}},"loc":{"start":{"line":6,"column":28},"end":{"line":9,"column":3}}}},"branchMap":{},"s":{"0":0,"1":0,"2":0,"3":0},"f":{"0":0,"1":0},"b":{}}
,"C:\\Users\\diniz\\Desktop\\node-clean-api\\clean-node-api\\src\\data\\usecases\\survey\\load-surveys\\db-load-surveys-protocols.ts": {"path":"C:\\Users\\diniz\\Desktop\\node-clean-api\\clean-node-api\\src\\data\\usecases\\survey\\load-surveys\\db-load-surveys-protocols.ts","statementMap":{"0":{"start":{"line":1,"column":0},"end":{"line":1,"column":38}},"1":{"start":{"line":2,"column":0},"end":{"line":2,"column":53}},"2":{"start":{"line":3,"column":0},"end":{"line":3,"column":66}}},"fnMap":{},"branchMap":{},"s":{"0":0,"1":0,"2":0},"f":{},"b":{}}
,"C:\\Users\\diniz\\Desktop\\node-clean-api\\clean-node-api\\src\\data\\usecases\\survey\\load-surveys\\db-load-surveys.ts": {"path":"C:\\Users\\diniz\\Desktop\\node-clean-api\\clean-node-api\\src\\data\\usecases\\survey\\load-surveys\\db-load-surveys.ts","statementMap":{"0":{"start":{"line":4,"column":32},"end":{"line":4,"column":76}},"1":{"start":{"line":7,"column":20},"end":{"line":7,"column":62}},"2":{"start":{"line":8,"column":4},"end":{"line":8,"column":null}},"3":{"start":{"line":3,"column":0},"end":{"line":3,"column":13}}},"fnMap":{"0":{"name":"(anonymous_0)","decl":{"start":{"line":4,"column":2},"end":{"line":4,"column":32}},"loc":{"start":{"line":4,"column":76},"end":{"line":4,"column":80}}},"1":{"name":"(anonymous_1)","decl":{"start":{"line":6,"column":2},"end":{"line":6,"column":7}},"loc":{"start":{"line":6,"column":12},"end":{"line":9,"column":3}}}},"branchMap":{},"s":{"0":0,"1":0,"2":0,"3":0},"f":{"0":0,"1":0},"b":{}}
,"C:\\Users\\diniz\\Desktop\\node-clean-api\\clean-node-api\\src\\infra\\criptography\\bcrypt-adapter\\bcrypt-adapter.ts": {"path":"C:\\Users\\diniz\\Desktop\\node-clean-api\\clean-node-api\\src\\infra\\criptography\\bcrypt-adapter\\bcrypt-adapter.ts","statementMap":{"0":{"start":{"line":1,"column":0},"end":{"line":1,"column":27}},"1":{"start":{"line":9,"column":4},"end":{"line":9,"column":null}},"2":{"start":{"line":13,"column":17},"end":{"line":13,"column":52}},"3":{"start":{"line":14,"column":4},"end":{"line":14,"column":null}},"4":{"start":{"line":18,"column":20},"end":{"line":18,"column":53}},"5":{"start":{"line":19,"column":4},"end":{"line":19,"column":null}},"6":{"start":{"line":5,"column":0},"end":{"line":5,"column":13}}},"fnMap":{"0":{"name":"(anonymous_1)","decl":{"start":{"line":8,"column":2},"end":{"line":8,"column":15}},"loc":{"start":{"line":8,"column":27},"end":{"line":10,"column":3}}},"1":{"name":"(anonymous_2)","decl":{"start":{"line":12,"column":2},"end":{"line":12,"column":7}},"loc":{"start":{"line":12,"column":27},"end":{"line":15,"column":3}}},"2":{"name":"(anonymous_3)","decl":{"start":{"line":17,"column":2},"end":{"line":17,"column":7}},"loc":{"start":{"line":17,"column":44},"end":{"line":20,"column":3}}}},"branchMap":{},"s":{"0":7,"1":23,"2":3,"3":3,"4":5,"5":5,"6":7},"f":{"0":23,"1":3,"2":5},"b":{}}
,"C:\\Users\\diniz\\Desktop\\node-clean-api\\clean-node-api\\src\\infra\\criptography\\jwt-adapter\\jwt-adapter.ts": {"path":"C:\\Users\\diniz\\Desktop\\node-clean-api\\clean-node-api\\src\\infra\\criptography\\jwt-adapter\\jwt-adapter.ts","statementMap":{"0":{"start":{"line":2,"column":0},"end":{"line":2,"column":30}},"1":{"start":{"line":8,"column":4},"end":{"line":8,"column":null}},"2":{"start":{"line":12,"column":24},"end":{"line":12,"column":66}},"3":{"start":{"line":13,"column":4},"end":{"line":13,"column":null}},"4":{"start":{"line":17,"column":23},"end":{"line":17,"column":59}},"5":{"start":{"line":18,"column":4},"end":{"line":18,"column":null}},"6":{"start":{"line":5,"column":0},"end":{"line":5,"column":13}}},"fnMap":{"0":{"name":"(anonymous_1)","decl":{"start":{"line":7,"column":2},"end":{"line":7,"column":15}},"loc":{"start":{"line":7,"column":29},"end":{"line":9,"column":3}}},"1":{"name":"(anonymous_2)","decl":{"start":{"line":11,"column":2},"end":{"line":11,"column":7}},"loc":{"start":{"line":11,"column":30},"end":{"line":14,"column":3}}},"2":{"name":"(anonymous_3)","decl":{"start":{"line":16,"column":2},"end":{"line":16,"column":7}},"loc":{"start":{"line":16,"column":30},"end":{"line":19,"column":3}}}},"branchMap":{},"s":{"0":7,"1":18,"2":5,"3":4,"4":3,"5":2,"6":7},"f":{"0":18,"1":5,"2":3},"b":{}}
,"C:\\Users\\diniz\\Desktop\\node-clean-api\\clean-node-api\\src\\infra\\db\\mongodb\\account\\account-mongo-repository.ts": {"path":"C:\\Users\\diniz\\Desktop\\node-clean-api\\clean-node-api\\src\\infra\\db\\mongodb\\account\\account-mongo-repository.ts","statementMap":{"0":{"start":{"line":7,"column":0},"end":{"line":7,"column":53}},"1":{"start":{"line":11,"column":30},"end":{"line":11,"column":67}},"2":{"start":{"line":13,"column":19},"end":{"line":13,"column":65}},"3":{"start":{"line":14,"column":4},"end":{"line":14,"column":null}},"4":{"start":{"line":18,"column":30},"end":{"line":18,"column":67}},"5":{"start":{"line":19,"column":20},"end":{"line":19,"column":62}},"6":{"start":{"line":20,"column":4},"end":{"line":20,"column":null}},"7":{"start":{"line":24,"column":30},"end":{"line":24,"column":73}},"8":{"start":{"line":25,"column":4},"end":{"line":31,"column":null}},"9":{"start":{"line":35,"column":30},"end":{"line":35,"column":67}},"10":{"start":{"line":37,"column":20},"end":{"line":44,"column":6}},"11":{"start":{"line":45,"column":4},"end":{"line":45,"column":null}},"12":{"start":{"line":9,"column":0},"end":{"line":9,"column":13}}},"fnMap":{"0":{"name":"(anonymous_0)","decl":{"start":{"line":10,"column":2},"end":{"line":10,"column":7}},"loc":{"start":{"line":10,"column":42},"end":{"line":15,"column":3}}},"1":{"name":"(anonymous_1)","decl":{"start":{"line":17,"column":2},"end":{"line":17,"column":7}},"loc":{"start":{"line":17,"column":34},"end":{"line":21,"column":3}}},"2":{"name":"(anonymous_2)","decl":{"start":{"line":23,"column":2},"end":{"line":23,"column":7}},"loc":{"start":{"line":23,"column":52},"end":{"line":32,"column":3}}},"3":{"name":"(anonymous_3)","decl":{"start":{"line":34,"column":2},"end":{"line":34,"column":7}},"loc":{"start":{"line":34,"column":49},"end":{"line":46,"column":3}}}},"branchMap":{"0":{"loc":{"start":{"line":20,"column":11},"end":{"line":20,"column":18}},"type":"binary-expr","locations":[{"start":{"line":20,"column":11},"end":{"line":20,"column":18}},{"start":{"line":20,"column":22},"end":{"line":20,"column":49}}]},"1":{"loc":{"start":{"line":45,"column":11},"end":{"line":45,"column":18}},"type":"binary-expr","locations":[{"start":{"line":45,"column":11},"end":{"line":45,"column":18}},{"start":{"line":45,"column":22},"end":{"line":45,"column":49}}]}},"s":{"0":6,"1":1,"2":1,"3":1,"4":4,"5":4,"6":4,"7":2,"8":2,"9":0,"10":0,"11":0,"12":6},"f":{"0":1,"1":4,"2":2,"3":0},"b":{"0":[4,2],"1":[0,0]}}
,"C:\\Users\\diniz\\Desktop\\node-clean-api\\clean-node-api\\src\\infra\\db\\mongodb\\helpers\\mongo-helper.ts": {"path":"C:\\Users\\diniz\\Desktop\\node-clean-api\\clean-node-api\\src\\infra\\db\\mongodb\\helpers\\mongo-helper.ts","statementMap":{"0":{"start":{"line":2,"column":0},"end":{"line":2,"column":49}},"1":{"start":{"line":4,"column":13},"end":{"line":43,"column":null}},"2":{"start":{"line":9,"column":4},"end":{"line":14,"column":null}},"3":{"start":{"line":18,"column":4},"end":{"line":18,"column":null}},"4":{"start":{"line":25,"column":4},"end":{"line":25,"column":null}},"5":{"start":{"line":29,"column":27},"end":{"line":29,"column":37}},"6":{"start":{"line":30,"column":30},"end":{"line":30,"column":34}},"7":{"start":{"line":31,"column":4},"end":{"line":31,"column":null}},"8":{"start":{"line":35,"column":30},"end":{"line":35,"column":34}},"9":{"start":{"line":36,"column":4},"end":{"line":36,"column":null}},"10":{"start":{"line":40,"column":4},"end":{"line":40,"column":null}},"11":{"start":{"line":40,"column":31},"end":{"line":40,"column":52}}},"fnMap":{"0":{"name":"(anonymous_0)","decl":{"start":{"line":8,"column":2},"end":{"line":8,"column":7}},"loc":{"start":{"line":8,"column":28},"end":{"line":15,"column":3}}},"1":{"name":"(anonymous_1)","decl":{"start":{"line":17,"column":2},"end":{"line":17,"column":7}},"loc":{"start":{"line":17,"column":18},"end":{"line":19,"column":3}}},"2":{"name":"(anonymous_2)","decl":{"start":{"line":21,"column":2},"end":{"line":21,"column":15}},"loc":{"start":{"line":21,"column":29},"end":{"line":26,"column":3}}},"3":{"name":"(anonymous_3)","decl":{"start":{"line":28,"column":7},"end":{"line":28,"column":8}},"loc":{"start":{"line":28,"column":38},"end":{"line":32,"column":3}}},"4":{"name":"(anonymous_4)","decl":{"start":{"line":34,"column":10},"end":{"line":34,"column":11}},"loc":{"start":{"line":34,"column":24},"end":{"line":37,"column":3}}},"5":{"name":"(anonymous_5)","decl":{"start":{"line":39,"column":17},"end":{"line":39,"column":18}},"loc":{"start":{"line":39,"column":59},"end":{"line":41,"column":3}}},"6":{"name":"(anonymous_6)","decl":{"start":{"line":40,"column":26},"end":{"line":40,"column":27}},"loc":{"start":{"line":40,"column":31},"end":{"line":40,"column":52}}}},"branchMap":{},"s":{"0":10,"1":10,"2":7,"3":8,"4":42,"5":5,"6":5,"7":5,"8":7,"9":7,"10":2,"11":2},"f":{"0":7,"1":8,"2":42,"3":5,"4":7,"5":2,"6":2},"b":{}}
,"C:\\Users\\diniz\\Desktop\\node-clean-api\\clean-node-api\\src\\infra\\db\\mongodb\\log\\log-mongo-repository.ts": {"path":"C:\\Users\\diniz\\Desktop\\node-clean-api\\clean-node-api\\src\\infra\\db\\mongodb\\log\\log-mongo-repository.ts","statementMap":{"0":{"start":{"line":2,"column":0},"end":{"line":2,"column":53}},"1":{"start":{"line":6,"column":28},"end":{"line":6,"column":69}},"2":{"start":{"line":7,"column":4},"end":{"line":10,"column":null}},"3":{"start":{"line":4,"column":0},"end":{"line":4,"column":13}}},"fnMap":{"0":{"name":"(anonymous_0)","decl":{"start":{"line":5,"column":2},"end":{"line":5,"column":7}},"loc":{"start":{"line":5,"column":31},"end":{"line":11,"column":3}}}},"branchMap":{},"s":{"0":7,"1":1,"2":1,"3":7},"f":{"0":1},"b":{}}
,"C:\\Users\\diniz\\Desktop\\node-clean-api\\clean-node-api\\src\\infra\\db\\mongodb\\survey\\survey-mongo-repository.ts": {"path":"C:\\Users\\diniz\\Desktop\\node-clean-api\\clean-node-api\\src\\infra\\db\\mongodb\\survey\\survey-mongo-repository.ts","statementMap":{"0":{"start":{"line":2,"column":0},"end":{"line":2,"column":34}},"1":{"start":{"line":7,"column":0},"end":{"line":7,"column":53}},"2":{"start":{"line":11,"column":30},"end":{"line":11,"column":66}},"3":{"start":{"line":12,"column":4},"end":{"line":12,"column":null}},"4":{"start":{"line":16,"column":29},"end":{"line":16,"column":71}},"5":{"start":{"line":17,"column":20},"end":{"line":17,"column":59}},"6":{"start":{"line":18,"column":4},"end":{"line":18,"column":null}},"7":{"start":{"line":23,"column":29},"end":{"line":23,"column":71}},"8":{"start":{"line":24,"column":19},"end":{"line":24,"column":76}},"9":{"start":{"line":25,"column":4},"end":{"line":25,"column":null}},"10":{"start":{"line":9,"column":0},"end":{"line":9,"column":13}}},"fnMap":{"0":{"name":"(anonymous_0)","decl":{"start":{"line":10,"column":2},"end":{"line":10,"column":7}},"loc":{"start":{"line":10,"column":41},"end":{"line":13,"column":3}}},"1":{"name":"(anonymous_1)","decl":{"start":{"line":15,"column":2},"end":{"line":15,"column":7}},"loc":{"start":{"line":15,"column":15},"end":{"line":20,"column":3}}},"2":{"name":"(anonymous_2)","decl":{"start":{"line":22,"column":2},"end":{"line":22,"column":7}},"loc":{"start":{"line":22,"column":28},"end":{"line":26,"column":3}}}},"branchMap":{"0":{"loc":{"start":{"line":25,"column":11},"end":{"line":25,"column":17}},"type":"binary-expr","locations":[{"start":{"line":25,"column":11},"end":{"line":25,"column":17}},{"start":{"line":25,"column":21},"end":{"line":25,"column":47}}]}},"s":{"0":7,"1":7,"2":1,"3":1,"4":2,"5":2,"6":2,"7":1,"8":1,"9":1,"10":7},"f":{"0":1,"1":2,"2":1},"b":{"0":[1,1]}}
,"C:\\Users\\diniz\\Desktop\\node-clean-api\\clean-node-api\\src\\infra\\db\\mongodb\\survey\\survey-result\\survey-result-mongo-repository.ts": {"path":"C:\\Users\\diniz\\Desktop\\node-clean-api\\clean-node-api\\src\\infra\\db\\mongodb\\survey\\survey-result\\survey-result-mongo-repository.ts","statementMap":{"0":{"start":{"line":2,"column":0},"end":{"line":2,"column":56}},"1":{"start":{"line":7,"column":35},"end":{"line":7,"column":82}},"2":{"start":{"line":9,"column":16},"end":{"line":20,"column":6}},"3":{"start":{"line":21,"column":4},"end":{"line":21,"column":null}},"4":{"start":{"line":5,"column":0},"end":{"line":5,"column":13}}},"fnMap":{"0":{"name":"(anonymous_0)","decl":{"start":{"line":6,"column":2},"end":{"line":6,"column":7}},"loc":{"start":{"line":6,"column":42},"end":{"line":22,"column":3}}}},"branchMap":{"0":{"loc":{"start":{"line":21,"column":11},"end":{"line":21,"column":20}},"type":"binary-expr","locations":[{"start":{"line":21,"column":11},"end":{"line":21,"column":20}},{"start":{"line":21,"column":24},"end":{"line":21,"column":53}}]}},"s":{"0":1,"1":2,"2":2,"3":2,"4":1},"f":{"0":2},"b":{"0":[2,2]}}
,"C:\\Users\\diniz\\Desktop\\node-clean-api\\clean-node-api\\src\\presentation\\controllers\\login\\login\\login-controller-protocols.ts": {"path":"C:\\Users\\diniz\\Desktop\\node-clean-api\\clean-node-api\\src\\presentation\\controllers\\login\\login\\login-controller-protocols.ts","statementMap":{"0":{"start":{"line":1,"column":0},"end":{"line":1,"column":34}},"1":{"start":{"line":2,"column":0},"end":{"line":2,"column":66}}},"fnMap":{},"branchMap":{},"s":{"0":0,"1":0},"f":{},"b":{}}
,"C:\\Users\\diniz\\Desktop\\node-clean-api\\clean-node-api\\src\\presentation\\controllers\\login\\login\\login-controller.ts": {"path":"C:\\Users\\diniz\\Desktop\\node-clean-api\\clean-node-api\\src\\presentation\\controllers\\login\\login\\login-controller.ts","statementMap":{"0":{"start":{"line":2,"column":0},"end":{"line":2,"column":98}},"1":{"start":{"line":9,"column":4},"end":{"line":9,"column":null}},"2":{"start":{"line":10,"column":4},"end":{"line":10,"column":null}},"3":{"start":{"line":14,"column":4},"end":{"line":30,"column":null}},"4":{"start":{"line":15,"column":20},"end":{"line":15,"column":62}},"5":{"start":{"line":16,"column":6},"end":{"line":18,"column":null}},"6":{"start":{"line":17,"column":8},"end":{"line":17,"column":null}},"7":{"start":{"line":19,"column":34},"end":{"line":19,"column":50}},"8":{"start":{"line":20,"column":26},"end":{"line":23,"column":8}},"9":{"start":{"line":24,"column":6},"end":{"line":26,"column":null}},"10":{"start":{"line":25,"column":8},"end":{"line":25,"column":null}},"11":{"start":{"line":27,"column":6},"end":{"line":27,"column":null}},"12":{"start":{"line":29,"column":6},"end":{"line":29,"column":null}},"13":{"start":{"line":4,"column":0},"end":{"line":4,"column":13}}},"fnMap":{"0":{"name":"(anonymous_0)","decl":{"start":{"line":8,"column":2},"end":{"line":8,"column":15}},"loc":{"start":{"line":8,"column":69},"end":{"line":11,"column":3}}},"1":{"name":"(anonymous_1)","decl":{"start":{"line":13,"column":2},"end":{"line":13,"column":7}},"loc":{"start":{"line":13,"column":40},"end":{"line":31,"column":3}}}},"branchMap":{"0":{"loc":{"start":{"line":16,"column":6},"end":{"line":18,"column":null}},"type":"if","locations":[{"start":{"line":16,"column":6},"end":{"line":18,"column":null}},{"start":{"line":16,"column":6},"end":{"line":18,"column":null}}]},"1":{"loc":{"start":{"line":24,"column":6},"end":{"line":26,"column":null}},"type":"if","locations":[{"start":{"line":24,"column":6},"end":{"line":26,"column":null}},{"start":{"line":24,"column":6},"end":{"line":26,"column":null}}]}},"s":{"0":6,"1":6,"2":6,"3":2,"4":2,"5":2,"6":0,"7":2,"8":2,"9":2,"10":1,"11":1,"12":0,"13":6},"f":{"0":6,"1":2},"b":{"0":[0,2],"1":[1,1]}}
,"C:\\Users\\diniz\\Desktop\\node-clean-api\\clean-node-api\\src\\presentation\\controllers\\login\\signup\\signup-controller-protocols.ts": {"path":"C:\\Users\\diniz\\Desktop\\node-clean-api\\clean-node-api\\src\\presentation\\controllers\\login\\signup\\signup-controller-protocols.ts","statementMap":{"0":{"start":{"line":1,"column":0},"end":{"line":1,"column":34}},"1":{"start":{"line":2,"column":0},"end":{"line":2,"column":45}},"2":{"start":{"line":3,"column":0},"end":{"line":3,"column":63}},"3":{"start":{"line":4,"column":0},"end":{"line":4,"column":66}},"4":{"start":{"line":5,"column":0},"end":{"line":5,"column":49}}},"fnMap":{},"branchMap":{},"s":{"0":0,"1":0,"2":0,"3":0,"4":0},"f":{},"b":{}}
,"C:\\Users\\diniz\\Desktop\\node-clean-api\\clean-node-api\\src\\presentation\\controllers\\login\\signup\\signup-controller.ts": {"path":"C:\\Users\\diniz\\Desktop\\node-clean-api\\clean-node-api\\src\\presentation\\controllers\\login\\signup\\signup-controller.ts","statementMap":{"0":{"start":{"line":3,"column":0},"end":{"line":3,"column":89}},"1":{"start":{"line":4,"column":0},"end":{"line":4,"column":49}},"2":{"start":{"line":9,"column":21},"end":{"line":9,"column":43}},"3":{"start":{"line":10,"column":21},"end":{"line":10,"column":43}},"4":{"start":{"line":11,"column":21},"end":{"line":11,"column":51}},"5":{"start":{"line":15,"column":4},"end":{"line":37,"column":null}},"6":{"start":{"line":16,"column":20},"end":{"line":16,"column":62}},"7":{"start":{"line":17,"column":6},"end":{"line":19,"column":null}},"8":{"start":{"line":18,"column":8},"end":{"line":18,"column":null}},"9":{"start":{"line":21,"column":40},"end":{"line":21,"column":56}},"10":{"start":{"line":22,"column":22},"end":{"line":26,"column":8}},"11":{"start":{"line":27,"column":6},"end":{"line":29,"column":null}},"12":{"start":{"line":28,"column":8},"end":{"line":28,"column":null}},"13":{"start":{"line":30,"column":26},"end":{"line":33,"column":8}},"14":{"start":{"line":34,"column":6},"end":{"line":34,"column":null}},"15":{"start":{"line":36,"column":6},"end":{"line":36,"column":null}},"16":{"start":{"line":6,"column":0},"end":{"line":6,"column":13}}},"fnMap":{"0":{"name":"(anonymous_0)","decl":{"start":{"line":8,"column":2},"end":{"line":8,"column":null}},"loc":{"start":{"line":11,"column":51},"end":{"line":12,"column":6}}},"1":{"name":"(anonymous_1)","decl":{"start":{"line":14,"column":2},"end":{"line":14,"column":7}},"loc":{"start":{"line":14,"column":40},"end":{"line":38,"column":3}}}},"branchMap":{"0":{"loc":{"start":{"line":17,"column":6},"end":{"line":19,"column":null}},"type":"if","locations":[{"start":{"line":17,"column":6},"end":{"line":19,"column":null}},{"start":{"line":17,"column":6},"end":{"line":19,"column":null}}]},"1":{"loc":{"start":{"line":27,"column":6},"end":{"line":29,"column":null}},"type":"if","locations":[{"start":{"line":27,"column":6},"end":{"line":29,"column":null}},{"start":{"line":27,"column":6},"end":{"line":29,"column":null}}]}},"s":{"0":6,"1":6,"2":6,"3":6,"4":6,"5":1,"6":1,"7":1,"8":0,"9":1,"10":1,"11":1,"12":0,"13":1,"14":1,"15":0,"16":6},"f":{"0":6,"1":1},"b":{"0":[0,1],"1":[0,1]}}
,"C:\\Users\\diniz\\Desktop\\node-clean-api\\clean-node-api\\src\\presentation\\controllers\\survey-result\\save-survey-result\\save-survey-result-controller-protocols.ts": {"path":"C:\\Users\\diniz\\Desktop\\node-clean-api\\clean-node-api\\src\\presentation\\controllers\\survey-result\\save-survey-result\\save-survey-result-controller-protocols.ts","statementMap":{"0":{"start":{"line":2,"column":0},"end":{"line":2,"column":34}},"1":{"start":{"line":3,"column":0},"end":{"line":3,"column":68}},"2":{"start":{"line":4,"column":0},"end":{"line":4,"column":48}},"3":{"start":{"line":5,"column":0},"end":{"line":5,"column":37}},"4":{"start":{"line":6,"column":0},"end":{"line":6,"column":54}},"5":{"start":{"line":7,"column":0},"end":{"line":7,"column":76}},"6":{"start":{"line":8,"column":0},"end":{"line":8,"column":55}}},"fnMap":{},"branchMap":{},"s":{"0":6,"1":6,"2":6,"3":0,"4":0,"5":0,"6":0},"f":{},"b":{}}
,"C:\\Users\\diniz\\Desktop\\node-clean-api\\clean-node-api\\src\\presentation\\controllers\\survey-result\\save-survey-result\\save-survey-result-controller.ts": {"path":"C:\\Users\\diniz\\Desktop\\node-clean-api\\clean-node-api\\src\\presentation\\controllers\\survey-result\\save-survey-result\\save-survey-result-controller.ts","statementMap":{"0":{"start":{"line":2,"column":0},"end":{"line":2,"column":178}},"1":{"start":{"line":6,"column":21},"end":{"line":6,"column":51}},"2":{"start":{"line":7,"column":21},"end":{"line":7,"column":55}},"3":{"start":{"line":11,"column":4},"end":{"line":33,"column":null}},"4":{"start":{"line":12,"column":27},"end":{"line":12,"column":45}},"5":{"start":{"line":13,"column":25},"end":{"line":13,"column":41}},"6":{"start":{"line":14,"column":28},"end":{"line":14,"column":39}},"7":{"start":{"line":15,"column":21},"end":{"line":15,"column":65}},"8":{"start":{"line":16,"column":6},"end":{"line":23,"column":null}},"9":{"start":{"line":17,"column":24},"end":{"line":17,"column":57}},"10":{"start":{"line":17,"column":48},"end":{"line":17,"column":56}},"11":{"start":{"line":18,"column":8},"end":{"line":20,"column":null}},"12":{"start":{"line":19,"column":10},"end":{"line":19,"column":null}},"13":{"start":{"line":22,"column":8},"end":{"line":22,"column":null}},"14":{"start":{"line":24,"column":27},"end":{"line":29,"column":8}},"15":{"start":{"line":30,"column":6},"end":{"line":30,"column":null}},"16":{"start":{"line":32,"column":6},"end":{"line":32,"column":null}},"17":{"start":{"line":4,"column":0},"end":{"line":4,"column":13}}},"fnMap":{"0":{"name":"(anonymous_0)","decl":{"start":{"line":5,"column":2},"end":{"line":5,"column":null}},"loc":{"start":{"line":7,"column":55},"end":{"line":8,"column":6}}},"1":{"name":"(anonymous_1)","decl":{"start":{"line":10,"column":2},"end":{"line":10,"column":7}},"loc":{"start":{"line":10,"column":40},"end":{"line":34,"column":3}}},"2":{"name":"(anonymous_2)","decl":{"start":{"line":17,"column":43},"end":{"line":17,"column":44}},"loc":{"start":{"line":17,"column":48},"end":{"line":17,"column":56}}}},"branchMap":{"0":{"loc":{"start":{"line":16,"column":6},"end":{"line":23,"column":null}},"type":"if","locations":[{"start":{"line":16,"column":6},"end":{"line":23,"column":null}},{"start":{"line":16,"column":6},"end":{"line":23,"column":null}}]},"1":{"loc":{"start":{"line":18,"column":8},"end":{"line":20,"column":null}},"type":"if","locations":[{"start":{"line":18,"column":8},"end":{"line":20,"column":null}},{"start":{"line":18,"column":8},"end":{"line":20,"column":null}}]}},"s":{"0":6,"1":0,"2":0,"3":0,"4":0,"5":0,"6":0,"7":0,"8":0,"9":0,"10":0,"11":0,"12":0,"13":0,"14":0,"15":0,"16":0,"17":0},"f":{"0":0,"1":0,"2":0},"b":{"0":[0,0],"1":[0,0]}}
,"C:\\Users\\diniz\\Desktop\\node-clean-api\\clean-node-api\\src\\presentation\\controllers\\survey\\add-survey\\add-survey-controller-protocols.ts": {"path":"C:\\Users\\diniz\\Desktop\\node-clean-api\\clean-node-api\\src\\presentation\\controllers\\survey\\add-survey\\add-survey-controller-protocols.ts","statementMap":{"0":{"start":{"line":1,"column":0},"end":{"line":1,"column":34}},"1":{"start":{"line":2,"column":0},"end":{"line":2,"column":61}}},"fnMap":{},"branchMap":{},"s":{"0":0,"1":0},"f":{},"b":{}}
,"C:\\Users\\diniz\\Desktop\\node-clean-api\\clean-node-api\\src\\presentation\\controllers\\survey\\add-survey\\add-survey-controller.ts": {"path":"C:\\Users\\diniz\\Desktop\\node-clean-api\\clean-node-api\\src\\presentation\\controllers\\survey\\add-survey\\add-survey-controller.ts","statementMap":{"0":{"start":{"line":1,"column":0},"end":{"line":1,"column":85}},"1":{"start":{"line":6,"column":21},"end":{"line":6,"column":43}},"2":{"start":{"line":7,"column":21},"end":{"line":7,"column":41}},"3":{"start":{"line":10,"column":4},"end":{"line":24,"column":null}},"4":{"start":{"line":11,"column":20},"end":{"line":11,"column":62}},"5":{"start":{"line":12,"column":6},"end":{"line":14,"column":null}},"6":{"start":{"line":13,"column":8},"end":{"line":13,"column":null}},"7":{"start":{"line":15,"column":35},"end":{"line":15,"column":51}},"8":{"start":{"line":16,"column":6},"end":{"line":20,"column":null}},"9":{"start":{"line":21,"column":6},"end":{"line":21,"column":null}},"10":{"start":{"line":23,"column":6},"end":{"line":23,"column":null}},"11":{"start":{"line":4,"column":0},"end":{"line":4,"column":13}}},"fnMap":{"0":{"name":"(anonymous_0)","decl":{"start":{"line":5,"column":2},"end":{"line":5,"column":null}},"loc":{"start":{"line":7,"column":41},"end":{"line":8,"column":6}}},"1":{"name":"(anonymous_1)","decl":{"start":{"line":9,"column":2},"end":{"line":9,"column":7}},"loc":{"start":{"line":9,"column":40},"end":{"line":25,"column":3}}}},"branchMap":{"0":{"loc":{"start":{"line":12,"column":6},"end":{"line":14,"column":null}},"type":"if","locations":[{"start":{"line":12,"column":6},"end":{"line":14,"column":null}},{"start":{"line":12,"column":6},"end":{"line":14,"column":null}}]}},"s":{"0":6,"1":0,"2":0,"3":0,"4":0,"5":0,"6":0,"7":0,"8":0,"9":0,"10":0,"11":6},"f":{"0":0,"1":0},"b":{"0":[0,0]}}
,"C:\\Users\\diniz\\Desktop\\node-clean-api\\clean-node-api\\src\\presentation\\controllers\\survey\\load-surveys\\load-surveys-controller-protocols.ts": {"path":"C:\\Users\\diniz\\Desktop\\node-clean-api\\clean-node-api\\src\\presentation\\controllers\\survey\\load-surveys\\load-surveys-controller-protocols.ts","statementMap":{"0":{"start":{"line":1,"column":0},"end":{"line":1,"column":34}},"1":{"start":{"line":2,"column":0},"end":{"line":2,"column":53}},"2":{"start":{"line":3,"column":0},"end":{"line":3,"column":48}},"3":{"start":{"line":4,"column":0},"end":{"line":4,"column":48}}},"fnMap":{},"branchMap":{},"s":{"0":6,"1":6,"2":6,"3":0},"f":{},"b":{}}
,"C:\\Users\\diniz\\Desktop\\node-clean-api\\clean-node-api\\src\\presentation\\controllers\\survey\\load-surveys\\load-surveys-controller.ts": {"path":"C:\\Users\\diniz\\Desktop\\node-clean-api\\clean-node-api\\src\\presentation\\controllers\\survey\\load-surveys\\load-surveys-controller.ts","statementMap":{"0":{"start":{"line":1,"column":0},"end":{"line":1,"column":132}},"1":{"start":{"line":4,"column":32},"end":{"line":4,"column":56}},"2":{"start":{"line":7,"column":4},"end":{"line":12,"column":null}},"3":{"start":{"line":8,"column":22},"end":{"line":8,"column":51}},"4":{"start":{"line":9,"column":6},"end":{"line":9,"column":null}},"5":{"start":{"line":11,"column":6},"end":{"line":11,"column":null}},"6":{"start":{"line":3,"column":0},"end":{"line":3,"column":13}}},"fnMap":{"0":{"name":"(anonymous_0)","decl":{"start":{"line":4,"column":2},"end":{"line":4,"column":32}},"loc":{"start":{"line":4,"column":56},"end":{"line":4,"column":60}}},"1":{"name":"(anonymous_1)","decl":{"start":{"line":6,"column":2},"end":{"line":6,"column":7}},"loc":{"start":{"line":6,"column":40},"end":{"line":13,"column":3}}}},"branchMap":{"0":{"loc":{"start":{"line":9,"column":30},"end":{"line":9,"column":41}},"type":"cond-expr","locations":[{"start":{"line":9,"column":30},"end":{"line":9,"column":41}},{"start":{"line":9,"column":44},"end":{"line":9,"column":55}}]}},"s":{"0":6,"1":0,"2":0,"3":0,"4":0,"5":0,"6":0},"f":{"0":0,"1":0},"b":{"0":[0,0]}}
,"C:\\Users\\diniz\\Desktop\\node-clean-api\\clean-node-api\\src\\presentation\\errors\\access-denied-error.ts": {"path":"C:\\Users\\diniz\\Desktop\\node-clean-api\\clean-node-api\\src\\presentation\\errors\\access-denied-error.ts","statementMap":{"0":{"start":{"line":3,"column":4},"end":{"line":3,"column":null}},"1":{"start":{"line":4,"column":4},"end":{"line":4,"column":null}},"2":{"start":{"line":1,"column":0},"end":{"line":1,"column":13}}},"fnMap":{"0":{"name":"(anonymous_0)","decl":{"start":{"line":2,"column":2},"end":{"line":2,"column":null}},"loc":{"start":{"line":2,"column":2},"end":{"line":5,"column":3}}}},"branchMap":{},"s":{"0":0,"1":0,"2":13},"f":{"0":0},"b":{}}
,"C:\\Users\\diniz\\Desktop\\node-clean-api\\clean-node-api\\src\\presentation\\errors\\email-in-use-error.ts": {"path":"C:\\Users\\diniz\\Desktop\\node-clean-api\\clean-node-api\\src\\presentation\\errors\\email-in-use-error.ts","statementMap":{"0":{"start":{"line":3,"column":4},"end":{"line":3,"column":null}},"1":{"start":{"line":4,"column":4},"end":{"line":4,"column":null}},"2":{"start":{"line":1,"column":0},"end":{"line":1,"column":13}}},"fnMap":{"0":{"name":"(anonymous_0)","decl":{"start":{"line":2,"column":2},"end":{"line":2,"column":null}},"loc":{"start":{"line":2,"column":2},"end":{"line":5,"column":3}}}},"branchMap":{},"s":{"0":0,"1":0,"2":13},"f":{"0":0},"b":{}}
,"C:\\Users\\diniz\\Desktop\\node-clean-api\\clean-node-api\\src\\presentation\\errors\\index.ts": {"path":"C:\\Users\\diniz\\Desktop\\node-clean-api\\clean-node-api\\src\\presentation\\errors\\index.ts","statementMap":{"0":{"start":{"line":1,"column":0},"end":{"line":1,"column":37}},"1":{"start":{"line":2,"column":0},"end":{"line":2,"column":37}},"2":{"start":{"line":3,"column":0},"end":{"line":3,"column":30}},"3":{"start":{"line":4,"column":0},"end":{"line":4,"column":36}},"4":{"start":{"line":5,"column":0},"end":{"line":5,"column":36}},"5":{"start":{"line":6,"column":0},"end":{"line":6,"column":37}}},"fnMap":{},"branchMap":{},"s":{"0":13,"1":13,"2":13,"3":13,"4":13,"5":13},"f":{},"b":{}}
,"C:\\Users\\diniz\\Desktop\\node-clean-api\\clean-node-api\\src\\presentation\\errors\\invalid-param-error.ts": {"path":"C:\\Users\\diniz\\Desktop\\node-clean-api\\clean-node-api\\src\\presentation\\errors\\invalid-param-error.ts","statementMap":{"0":{"start":{"line":3,"column":4},"end":{"line":3,"column":null}},"1":{"start":{"line":4,"column":4},"end":{"line":4,"column":null}},"2":{"start":{"line":1,"column":0},"end":{"line":1,"column":13}}},"fnMap":{"0":{"name":"(anonymous_0)","decl":{"start":{"line":2,"column":2},"end":{"line":2,"column":15}},"loc":{"start":{"line":2,"column":32},"end":{"line":5,"column":3}}}},"branchMap":{},"s":{"0":4,"1":4,"2":13},"f":{"0":4},"b":{}}
,"C:\\Users\\diniz\\Desktop\\node-clean-api\\clean-node-api\\src\\presentation\\errors\\missing-param-error.ts": {"path":"C:\\Users\\diniz\\Desktop\\node-clean-api\\clean-node-api\\src\\presentation\\errors\\missing-param-error.ts","statementMap":{"0":{"start":{"line":3,"column":4},"end":{"line":3,"column":null}},"1":{"start":{"line":4,"column":4},"end":{"line":4,"column":null}},"2":{"start":{"line":1,"column":0},"end":{"line":1,"column":13}}},"fnMap":{"0":{"name":"(anonymous_0)","decl":{"start":{"line":2,"column":2},"end":{"line":2,"column":15}},"loc":{"start":{"line":2,"column":32},"end":{"line":5,"column":3}}}},"branchMap":{},"s":{"0":5,"1":5,"2":13},"f":{"0":5},"b":{}}
,"C:\\Users\\diniz\\Desktop\\node-clean-api\\clean-node-api\\src\\presentation\\errors\\server-error.ts": {"path":"C:\\Users\\diniz\\Desktop\\node-clean-api\\clean-node-api\\src\\presentation\\errors\\server-error.ts","statementMap":{"0":{"start":{"line":3,"column":4},"end":{"line":3,"column":null}},"1":{"start":{"line":4,"column":4},"end":{"line":4,"column":null}},"2":{"start":{"line":5,"column":4},"end":{"line":5,"column":null}},"3":{"start":{"line":1,"column":0},"end":{"line":1,"column":13}}},"fnMap":{"0":{"name":"(anonymous_0)","decl":{"start":{"line":2,"column":2},"end":{"line":2,"column":15}},"loc":{"start":{"line":2,"column":29},"end":{"line":6,"column":3}}}},"branchMap":{},"s":{"0":0,"1":0,"2":0,"3":13},"f":{"0":0},"b":{}}
,"C:\\Users\\diniz\\Desktop\\node-clean-api\\clean-node-api\\src\\presentation\\errors\\unauthorized-error.ts": {"path":"C:\\Users\\diniz\\Desktop\\node-clean-api\\clean-node-api\\src\\presentation\\errors\\unauthorized-error.ts","statementMap":{"0":{"start":{"line":3,"column":4},"end":{"line":3,"column":null}},"1":{"start":{"line":4,"column":4},"end":{"line":4,"column":null}},"2":{"start":{"line":1,"column":0},"end":{"line":1,"column":13}}},"fnMap":{"0":{"name":"(anonymous_0)","decl":{"start":{"line":2,"column":2},"end":{"line":2,"column":null}},"loc":{"start":{"line":2,"column":2},"end":{"line":5,"column":3}}}},"branchMap":{},"s":{"0":1,"1":1,"2":13},"f":{"0":1},"b":{}}
,"C:\\Users\\diniz\\Desktop\\node-clean-api\\clean-node-api\\src\\presentation\\helper\\http\\http-helper.ts": {"path":"C:\\Users\\diniz\\Desktop\\node-clean-api\\clean-node-api\\src\\presentation\\helper\\http\\http-helper.ts","statementMap":{"0":{"start":{"line":2,"column":0},"end":{"line":2,"column":61}},"1":{"start":{"line":4,"column":26},"end":{"line":7,"column":2}},"2":{"start":{"line":4,"column":59},"end":{"line":7,"column":2}},"3":{"start":{"line":4,"column":13},"end":{"line":4,"column":26}},"4":{"start":{"line":9,"column":25},"end":{"line":12,"column":2}},"5":{"start":{"line":9,"column":58},"end":{"line":12,"column":2}},"6":{"start":{"line":9,"column":13},"end":{"line":9,"column":25}},"7":{"start":{"line":14,"column":28},"end":{"line":17,"column":2}},"8":{"start":{"line":14,"column":49},"end":{"line":17,"column":2}},"9":{"start":{"line":14,"column":13},"end":{"line":14,"column":28}},"10":{"start":{"line":19,"column":27},"end":{"line":22,"column":2}},"11":{"start":{"line":19,"column":60},"end":{"line":22,"column":2}},"12":{"start":{"line":19,"column":13},"end":{"line":19,"column":27}},"13":{"start":{"line":24,"column":18},"end":{"line":27,"column":2}},"14":{"start":{"line":24,"column":48},"end":{"line":27,"column":2}},"15":{"start":{"line":24,"column":13},"end":{"line":24,"column":18}},"16":{"start":{"line":29,"column":25},"end":{"line":32,"column":2}},"17":{"start":{"line":29,"column":46},"end":{"line":32,"column":2}},"18":{"start":{"line":29,"column":13},"end":{"line":29,"column":25}}},"fnMap":{"0":{"name":"(anonymous_0)","decl":{"start":{"line":4,"column":26},"end":{"line":4,"column":27}},"loc":{"start":{"line":4,"column":59},"end":{"line":7,"column":2}}},"1":{"name":"(anonymous_1)","decl":{"start":{"line":9,"column":25},"end":{"line":9,"column":26}},"loc":{"start":{"line":9,"column":58},"end":{"line":12,"column":2}}},"2":{"name":"(anonymous_2)","decl":{"start":{"line":14,"column":28},"end":{"line":14,"column":45}},"loc":{"start":{"line":14,"column":49},"end":{"line":17,"column":2}}},"3":{"name":"(anonymous_3)","decl":{"start":{"line":19,"column":27},"end":{"line":19,"column":28}},"loc":{"start":{"line":19,"column":60},"end":{"line":22,"column":2}}},"4":{"name":"(anonymous_4)","decl":{"start":{"line":24,"column":18},"end":{"line":24,"column":19}},"loc":{"start":{"line":24,"column":48},"end":{"line":27,"column":2}}},"5":{"name":"(anonymous_5)","decl":{"start":{"line":29,"column":25},"end":{"line":29,"column":42}},"loc":{"start":{"line":29,"column":46},"end":{"line":32,"column":2}}}},"branchMap":{"0":{"loc":{"start":{"line":21,"column":24},"end":{"line":21,"column":35}},"type":"binary-expr","locations":[{"start":{"line":21,"column":24},"end":{"line":21,"column":35}},{"start":{"line":21,"column":39},"end":{"line":21,"column":41}}]}},"s":{"0":6,"1":6,"2":0,"3":6,"4":6,"5":0,"6":6,"7":6,"8":1,"9":6,"10":6,"11":0,"12":6,"13":6,"14":2,"15":6,"16":6,"17":0,"18":6},"f":{"0":0,"1":0,"2":1,"3":0,"4":2,"5":0},"b":{"0":[0,0]}}
,"C:\\Users\\diniz\\Desktop\\node-clean-api\\clean-node-api\\src\\presentation\\middlewares\\auth-middleware-protocols.ts": {"path":"C:\\Users\\diniz\\Desktop\\node-clean-api\\clean-node-api\\src\\presentation\\middlewares\\auth-middleware-protocols.ts","statementMap":{"0":{"start":{"line":1,"column":0},"end":{"line":1,"column":28}},"1":{"start":{"line":2,"column":0},"end":{"line":2,"column":67}},"2":{"start":{"line":3,"column":0},"end":{"line":3,"column":43}}},"fnMap":{},"branchMap":{},"s":{"0":0,"1":0,"2":0},"f":{},"b":{}}
,"C:\\Users\\diniz\\Desktop\\node-clean-api\\clean-node-api\\src\\presentation\\middlewares\\auth-middleware.ts": {"path":"C:\\Users\\diniz\\Desktop\\node-clean-api\\clean-node-api\\src\\presentation\\middlewares\\auth-middleware.ts","statementMap":{"0":{"start":{"line":2,"column":0},"end":{"line":2,"column":45}},"1":{"start":{"line":3,"column":0},"end":{"line":3,"column":71}},"2":{"start":{"line":8,"column":21},"end":{"line":8,"column":59}},"3":{"start":{"line":9,"column":21},"end":{"line":9,"column":34}},"4":{"start":{"line":13,"column":4},"end":{"line":24,"column":null}},"5":{"start":{"line":14,"column":26},"end":{"line":14,"column":65}},"6":{"start":{"line":15,"column":6},"end":{"line":20,"column":null}},"7":{"start":{"line":16,"column":24},"end":{"line":16,"column":82}},"8":{"start":{"line":17,"column":8},"end":{"line":19,"column":null}},"9":{"start":{"line":18,"column":10},"end":{"line":18,"column":null}},"10":{"start":{"line":21,"column":6},"end":{"line":21,"column":null}},"11":{"start":{"line":23,"column":6},"end":{"line":23,"column":null}},"12":{"start":{"line":6,"column":0},"end":{"line":6,"column":13}}},"fnMap":{"0":{"name":"(anonymous_0)","decl":{"start":{"line":7,"column":2},"end":{"line":7,"column":null}},"loc":{"start":{"line":9,"column":34},"end":{"line":10,"column":6}}},"1":{"name":"(anonymous_1)","decl":{"start":{"line":12,"column":2},"end":{"line":12,"column":7}},"loc":{"start":{"line":12,"column":40},"end":{"line":25,"column":3}}}},"branchMap":{"0":{"loc":{"start":{"line":14,"column":45},"end":{"line":14,"column":48}},"type":"cond-expr","locations":[{"start":{"line":14,"column":45},"end":{"line":14,"column":48}},{"start":{"line":14,"column":45},"end":{"line":14,"column":65}}]},"1":{"loc":{"start":{"line":14,"column":26},"end":{"line":14,"column":48}},"type":"binary-expr","locations":[{"start":{"line":14,"column":26},"end":{"line":14,"column":48}},{"start":{"line":14,"column":45},"end":{"line":14,"column":48}}]},"2":{"loc":{"start":{"line":15,"column":6},"end":{"line":20,"column":null}},"type":"if","locations":[{"start":{"line":15,"column":6},"end":{"line":20,"column":null}},{"start":{"line":15,"column":6},"end":{"line":20,"column":null}}]},"3":{"loc":{"start":{"line":17,"column":8},"end":{"line":19,"column":null}},"type":"if","locations":[{"start":{"line":17,"column":8},"end":{"line":19,"column":null}},{"start":{"line":17,"column":8},"end":{"line":19,"column":null}}]}},"s":{"0":0,"1":0,"2":0,"3":0,"4":0,"5":0,"6":0,"7":0,"8":0,"9":0,"10":0,"11":0,"12":0},"f":{"0":0,"1":0},"b":{"0":[0,0],"1":[0,0],"2":[0,0],"3":[0,0]}}
,"C:\\Users\\diniz\\Desktop\\node-clean-api\\clean-node-api\\src\\presentation\\protocols\\index.ts": {"path":"C:\\Users\\diniz\\Desktop\\node-clean-api\\clean-node-api\\src\\presentation\\protocols\\index.ts","statementMap":{"0":{"start":{"line":1,"column":0},"end":{"line":1,"column":28}},"1":{"start":{"line":2,"column":0},"end":{"line":2,"column":22}},"2":{"start":{"line":3,"column":0},"end":{"line":3,"column":28}},"3":{"start":{"line":4,"column":0},"end":{"line":4,"column":28}}},"fnMap":{},"branchMap":{},"s":{"0":6,"1":6,"2":6,"3":6},"f":{},"b":{}}
,"C:\\Users\\diniz\\Desktop\\node-clean-api\\clean-node-api\\src\\utils\\email-validator-adapter.ts": {"path":"C:\\Users\\diniz\\Desktop\\node-clean-api\\clean-node-api\\src\\utils\\email-validator-adapter.ts","statementMap":{"0":{"start":{"line":2,"column":0},"end":{"line":2,"column":33}},"1":{"start":{"line":6,"column":4},"end":{"line":6,"column":null}},"2":{"start":{"line":4,"column":0},"end":{"line":4,"column":13}}},"fnMap":{"0":{"name":"(anonymous_1)","decl":{"start":{"line":5,"column":2},"end":{"line":5,"column":9}},"loc":{"start":{"line":5,"column":24},"end":{"line":7,"column":3}}}},"branchMap":{},"s":{"0":9,"1":6,"2":9},"f":{"0":6},"b":{}}
,"C:\\Users\\diniz\\Desktop\\node-clean-api\\clean-node-api\\src\\validation\\validators\\compare-fields-validation.ts": {"path":"C:\\Users\\diniz\\Desktop\\node-clean-api\\clean-node-api\\src\\validation\\validators\\compare-fields-validation.ts","statementMap":{"0":{"start":{"line":1,"column":0},"end":{"line":1,"column":61}},"1":{"start":{"line":9,"column":4},"end":{"line":9,"column":null}},"2":{"start":{"line":10,"column":4},"end":{"line":10,"column":null}},"3":{"start":{"line":14,"column":4},"end":{"line":16,"column":null}},"4":{"start":{"line":15,"column":6},"end":{"line":15,"column":null}},"5":{"start":{"line":17,"column":4},"end":{"line":17,"column":null}},"6":{"start":{"line":4,"column":0},"end":{"line":4,"column":13}}},"fnMap":{"0":{"name":"(anonymous_0)","decl":{"start":{"line":8,"column":2},"end":{"line":8,"column":15}},"loc":{"start":{"line":8,"column":60},"end":{"line":11,"column":3}}},"1":{"name":"(anonymous_1)","decl":{"start":{"line":13,"column":2},"end":{"line":13,"column":10}},"loc":{"start":{"line":13,"column":22},"end":{"line":18,"column":3}}}},"branchMap":{"0":{"loc":{"start":{"line":14,"column":4},"end":{"line":16,"column":null}},"type":"if","locations":[{"start":{"line":14,"column":4},"end":{"line":16,"column":null}},{"start":{"line":14,"column":4},"end":{"line":16,"column":null}}]}},"s":{"0":10,"1":10,"2":10,"3":3,"4":1,"5":2,"6":10},"f":{"0":10,"1":3},"b":{"0":[1,2]}}
,"C:\\Users\\diniz\\Desktop\\node-clean-api\\clean-node-api\\src\\validation\\validators\\email-validation.ts": {"path":"C:\\Users\\diniz\\Desktop\\node-clean-api\\clean-node-api\\src\\validation\\validators\\email-validation.ts","statementMap":{"0":{"start":{"line":2,"column":0},"end":{"line":2,"column":61}},"1":{"start":{"line":10,"column":4},"end":{"line":10,"column":null}},"2":{"start":{"line":11,"column":4},"end":{"line":11,"column":null}},"3":{"start":{"line":15,"column":20},"end":{"line":15,"column":70}},"4":{"start":{"line":16,"column":4},"end":{"line":18,"column":null}},"5":{"start":{"line":17,"column":6},"end":{"line":17,"column":null}},"6":{"start":{"line":19,"column":4},"end":{"line":19,"column":null}},"7":{"start":{"line":5,"column":0},"end":{"line":5,"column":13}}},"fnMap":{"0":{"name":"(anonymous_0)","decl":{"start":{"line":9,"column":2},"end":{"line":9,"column":15}},"loc":{"start":{"line":9,"column":64},"end":{"line":12,"column":3}}},"1":{"name":"(anonymous_1)","decl":{"start":{"line":14,"column":2},"end":{"line":14,"column":10}},"loc":{"start":{"line":14,"column":22},"end":{"line":20,"column":3}}}},"branchMap":{"0":{"loc":{"start":{"line":16,"column":4},"end":{"line":18,"column":null}},"type":"if","locations":[{"start":{"line":16,"column":4},"end":{"line":18,"column":null}},{"start":{"line":16,"column":4},"end":{"line":18,"column":null}}]}},"s":{"0":10,"1":19,"2":19,"3":6,"4":5,"5":1,"6":4,"7":10},"f":{"0":19,"1":6},"b":{"0":[1,4]}}
,"C:\\Users\\diniz\\Desktop\\node-clean-api\\clean-node-api\\src\\validation\\validators\\index.ts": {"path":"C:\\Users\\diniz\\Desktop\\node-clean-api\\clean-node-api\\src\\validation\\validators\\index.ts","statementMap":{"0":{"start":{"line":1,"column":0},"end":{"line":1,"column":43}},"1":{"start":{"line":2,"column":0},"end":{"line":2,"column":34}},"2":{"start":{"line":3,"column":0},"end":{"line":3,"column":43}},"3":{"start":{"line":4,"column":0},"end":{"line":4,"column":38}}},"fnMap":{},"branchMap":{},"s":{"0":9,"1":9,"2":9,"3":9},"f":{},"b":{}}
,"C:\\Users\\diniz\\Desktop\\node-clean-api\\clean-node-api\\src\\validation\\validators\\required-field-validation.ts": {"path":"C:\\Users\\diniz\\Desktop\\node-clean-api\\clean-node-api\\src\\validation\\validators\\required-field-validation.ts","statementMap":{"0":{"start":{"line":1,"column":0},"end":{"line":1,"column":61}},"1":{"start":{"line":8,"column":4},"end":{"line":8,"column":null}},"2":{"start":{"line":12,"column":4},"end":{"line":14,"column":null}},"3":{"start":{"line":13,"column":6},"end":{"line":13,"column":null}},"4":{"start":{"line":15,"column":4},"end":{"line":15,"column":null}},"5":{"start":{"line":4,"column":0},"end":{"line":4,"column":13}}},"fnMap":{"0":{"name":"(anonymous_0)","decl":{"start":{"line":7,"column":2},"end":{"line":7,"column":15}},"loc":{"start":{"line":7,"column":32},"end":{"line":9,"column":3}}},"1":{"name":"(anonymous_1)","decl":{"start":{"line":11,"column":2},"end":{"line":11,"column":10}},"loc":{"start":{"line":11,"column":22},"end":{"line":16,"column":3}}}},"branchMap":{"0":{"loc":{"start":{"line":12,"column":4},"end":{"line":14,"column":null}},"type":"if","locations":[{"start":{"line":12,"column":4},"end":{"line":14,"column":null}},{"start":{"line":12,"column":4},"end":{"line":14,"column":null}}]}},"s":{"0":10,"1":54,"2":10,"3":1,"4":9,"5":10},"f":{"0":54,"1":10},"b":{"0":[1,9]}}
,"C:\\Users\\diniz\\Desktop\\node-clean-api\\clean-node-api\\src\\validation\\validators\\validation-composite.ts": {"path":"C:\\Users\\diniz\\Desktop\\node-clean-api\\clean-node-api\\src\\validation\\validators\\validation-composite.ts","statementMap":{"0":{"start":{"line":7,"column":4},"end":{"line":7,"column":null}},"1":{"start":{"line":11,"column":4},"end":{"line":16,"column":null}},"2":{"start":{"line":12,"column":20},"end":{"line":12,"column":46}},"3":{"start":{"line":13,"column":6},"end":{"line":15,"column":null}},"4":{"start":{"line":14,"column":8},"end":{"line":14,"column":null}},"5":{"start":{"line":17,"column":4},"end":{"line":17,"column":null}},"6":{"start":{"line":3,"column":0},"end":{"line":3,"column":13}}},"fnMap":{"0":{"name":"(anonymous_0)","decl":{"start":{"line":6,"column":2},"end":{"line":6,"column":15}},"loc":{"start":{"line":6,"column":40},"end":{"line":8,"column":3}}},"1":{"name":"(anonymous_1)","decl":{"start":{"line":10,"column":2},"end":{"line":10,"column":10}},"loc":{"start":{"line":10,"column":22},"end":{"line":18,"column":3}}}},"branchMap":{"0":{"loc":{"start":{"line":13,"column":6},"end":{"line":15,"column":null}},"type":"if","locations":[{"start":{"line":13,"column":6},"end":{"line":15,"column":null}},{"start":{"line":13,"column":6},"end":{"line":15,"column":null}}]}},"s":{"0":15,"1":6,"2":17,"3":17,"4":2,"5":4,"6":10},"f":{"0":15,"1":6},"b":{"0":[2,15]}}
}
