TN:
SF:src\data\usecases\db-account\db-add-account-protocols.ts
FNF:0
FNH:0
DA:1,0
DA:2,0
DA:3,0
DA:4,0
LF:4
LH:0
BRF:0
BRH:0
end_of_record
TN:
SF:src\data\usecases\db-account\db-add-account.ts
FN:7,(anonymous_0)
FN:12,(anonymous_1)
FNF:2
FNH:2
FNDA:9,(anonymous_0)
FNDA:6,(anonymous_1)
DA:3,5
DA:8,9
DA:9,9
DA:13,6
DA:15,5
DA:16,4
LF:6
LH:6
BRF:0
BRH:0
end_of_record
TN:
SF:src\infra\criptography\bcrypt-adapter.ts
FN:8,(anonymous_1)
FN:12,(anonymous_2)
FNF:2
FNH:2
FNDA:6,(anonymous_1)
FNDA:3,(anonymous_2)
DA:1,5
DA:5,5
DA:9,6
DA:13,3
DA:14,3
LF:5
LH:5
BRF:0
BRH:0
end_of_record
TN:
SF:src\infra\db\mongodb\account-repository\account.ts
FN:7,(anonymous_0)
FNF:1
FNH:1
FNDA:2,(anonymous_0)
DA:4,5
DA:6,5
DA:8,2
DA:10,2
DA:11,2
LF:5
LH:5
BRF:0
BRH:0
end_of_record
TN:
SF:src\infra\db\mongodb\helpers\mongo-helper.ts
FN:7,(anonymous_0)
FN:16,(anonymous_1)
FN:20,(anonymous_2)
FN:24,(anonymous_3)
FNF:4
FNH:4
FNDA:2,(anonymous_0)
FNDA:2,(anonymous_1)
FNDA:4,(anonymous_2)
FNDA:2,(anonymous_3)
DA:2,5
DA:4,5
DA:8,2
DA:17,2
DA:21,4
DA:25,2
DA:26,2
DA:27,2
LF:8
LH:8
BRF:0
BRH:0
end_of_record
TN:
SF:src\presentation\controllers\signup\signup-protocols.ts
FNF:0
FNH:0
DA:1,0
DA:2,0
DA:3,0
DA:4,0
LF:4
LH:0
BRF:0
BRH:0
end_of_record
TN:
SF:src\presentation\controllers\signup\signup.ts
FN:10,(anonymous_0)
FN:15,(anonymous_1)
FNF:2
FNH:2
FNDA:15,(anonymous_0)
FNDA:12,(anonymous_1)
DA:3,5
DA:4,5
DA:6,5
DA:11,15
DA:12,15
DA:16,12
DA:17,12
DA:18,12
DA:19,42
DA:20,4
DA:24,8
DA:25,8
DA:26,1
DA:29,7
DA:30,6
DA:31,1
DA:33,5
DA:38,4
DA:40,2
LF:19
LH:19
BRDA:19,0,0,4
BRDA:19,0,1,38
BRDA:25,1,0,1
BRDA:25,1,1,7
BRDA:30,2,0,1
BRDA:30,2,1,5
BRF:6
BRH:6
end_of_record
TN:
SF:src\presentation\errors\index.ts
FNF:0
FNH:0
DA:1,5
DA:2,5
DA:3,5
LF:3
LH:3
BRF:0
BRH:0
end_of_record
TN:
SF:src\presentation\errors\invalid-param-error.ts
FN:2,(anonymous_0)
FNF:1
FNH:1
FNDA:4,(anonymous_0)
DA:1,5
DA:3,4
DA:4,4
LF:3
LH:3
BRF:0
BRH:0
end_of_record
TN:
SF:src\presentation\errors\missing-param-error.ts
FN:2,(anonymous_0)
FNF:1
FNH:1
FNDA:8,(anonymous_0)
DA:1,5
DA:3,8
DA:4,8
LF:3
LH:3
BRF:0
BRH:0
end_of_record
TN:
SF:src\presentation\errors\server-error.ts
FN:2,(anonymous_0)
FNF:1
FNH:1
FNDA:4,(anonymous_0)
DA:1,5
DA:3,4
DA:4,4
LF:3
LH:3
BRF:0
BRH:0
end_of_record
TN:
SF:src\presentation\helper\http-helper.ts
FN:4,(anonymous_0)
FN:9,(anonymous_1)
FN:14,(anonymous_2)
FNF:3
FNH:3
FNDA:6,(anonymous_0)
FNDA:2,(anonymous_1)
FNDA:4,(anonymous_2)
DA:2,5
DA:4,6
DA:9,5
DA:14,5
LF:4
LH:4
BRF:0
BRH:0
end_of_record
TN:
SF:src\presentation\protocols\index.ts
FNF:0
FNH:0
DA:1,0
DA:2,0
LF:2
LH:0
BRF:0
BRH:0
end_of_record
TN:
SF:src\utils\email-validator-adapter.ts
FN:5,(anonymous_1)
FNF:1
FNH:1
FNDA:4,(anonymous_1)
DA:2,5
DA:4,5
DA:6,4
LF:3
LH:3
BRF:0
BRH:0
end_of_record
